2022-04-09 14:15:14,403 INFO org.springframework.boot.StartupInfoLogger [restartedMain] Starting MusicSpringBootAppApplication on BPAULMA-IN-LE01 with PID 26888 (C:\bpaulma\develop\music-artists-master\target\classes started by BPaulMa in C:\bpaulma\develop\music-artists-master)
2022-04-09 14:15:14,408 INFO org.springframework.boot.SpringApplication [restartedMain] The following profiles are active: mysql
2022-04-09 14:15:14,466 INFO org.springframework.boot.logging.DeferredLog [restartedMain] Devtools property defaults active! Set 'spring.devtools.add-properties' to 'false' to disable
2022-04-09 14:15:14,468 INFO org.springframework.boot.logging.DeferredLog [restartedMain] For additional web related logging consider setting the 'logging.level.web' property to 'DEBUG'
2022-04-09 14:15:15,825 INFO org.springframework.data.repository.config.RepositoryConfigurationDelegate [restartedMain] Bootstrapping Spring Data JPA repositories in DEFERRED mode.
2022-04-09 14:15:15,932 INFO org.springframework.data.repository.config.RepositoryConfigurationDelegate [restartedMain] Finished Spring Data repository scanning in 96ms. Found 2 JPA repository interfaces.
2022-04-09 14:15:21,658 INFO org.springframework.boot.web.embedded.tomcat.TomcatWebServer [restartedMain] Tomcat initialized with port(s): 8084 (http)
2022-04-09 14:15:21,666 INFO org.apache.juli.logging.DirectJDKLog [restartedMain] Initializing ProtocolHandler ["http-nio-8084"]
2022-04-09 14:15:21,672 INFO org.apache.juli.logging.DirectJDKLog [restartedMain] Starting service [Tomcat]
2022-04-09 14:15:21,672 INFO org.apache.juli.logging.DirectJDKLog [restartedMain] Starting Servlet engine: [Apache Tomcat/9.0.36]
2022-04-09 14:15:21,792 INFO org.apache.juli.logging.DirectJDKLog [restartedMain] Initializing Spring embedded WebApplicationContext
2022-04-09 14:15:21,792 INFO org.springframework.boot.web.servlet.context.ServletWebServerApplicationContext [restartedMain] Root WebApplicationContext: initialization completed in 7324 ms
2022-04-09 14:15:22,010 INFO com.zaxxer.hikari.HikariDataSource [restartedMain] HikariPool-1 - Starting...
2022-04-09 14:15:22,440 INFO com.zaxxer.hikari.HikariDataSource [restartedMain] HikariPool-1 - Start completed.
2022-04-09 14:15:22,446 INFO org.springframework.boot.autoconfigure.h2.H2ConsoleAutoConfiguration [restartedMain] H2 console available at '/h2-console'. Database available at 'jdbc:mysql://localhost:3306/learnings'
2022-04-09 14:15:22,802 INFO org.springframework.scheduling.concurrent.ExecutorConfigurationSupport [restartedMain] Initializing ExecutorService 'applicationTaskExecutor'
2022-04-09 14:15:22,884 INFO org.hibernate.jpa.internal.util.LogHelper [task-1] HHH000204: Processing PersistenceUnitInfo [name: default]
2022-04-09 14:15:22,955 INFO org.hibernate.Version [task-1] HHH000412: Hibernate ORM core version 5.4.17.Final
2022-04-09 14:15:23,003 WARN org.springframework.boot.autoconfigure.orm.jpa.JpaBaseConfiguration$JpaWebConfiguration [restartedMain] spring.jpa.open-in-view is enabled by default. Therefore, database queries may be performed during view rendering. Explicitly configure spring.jpa.open-in-view to disable this warning
2022-04-09 14:15:23,158 INFO org.hibernate.annotations.common.reflection.java.JavaReflectionManager [task-1] HCANN000001: Hibernate Commons Annotations {5.1.0.Final}
2022-04-09 14:15:23,359 INFO org.hibernate.dialect.Dialect [task-1] HHH000400: Using dialect: org.hibernate.dialect.MySQL5Dialect
2022-04-09 14:15:24,472 INFO org.hibernate.engine.transaction.jta.platform.internal.JtaPlatformInitiator [task-1] HHH000490: Using JtaPlatform implementation: [org.hibernate.engine.transaction.jta.platform.internal.NoJtaPlatform]
2022-04-09 14:15:24,477 INFO org.springframework.orm.jpa.AbstractEntityManagerFactoryBean [task-1] Initialized JPA EntityManagerFactory for persistence unit 'default'
2022-04-09 14:15:24,516 INFO org.springframework.boot.devtools.autoconfigure.OptionalLiveReloadServer [task-2] LiveReload server is running on port 35729
2022-04-09 14:15:24,622 INFO org.springframework.boot.actuate.endpoint.web.EndpointLinksResolver [restartedMain] Exposing 2 endpoint(s) beneath base path '/actuator'
2022-04-09 14:15:24,659 INFO org.apache.juli.logging.DirectJDKLog [restartedMain] Starting ProtocolHandler ["http-nio-8084"]
2022-04-09 14:15:24,695 INFO org.springframework.boot.web.embedded.tomcat.TomcatWebServer [restartedMain] Tomcat started on port(s): 8084 (http) with context path ''
2022-04-09 14:15:24,696 INFO org.springframework.data.repository.config.DeferredRepositoryInitializationListener [restartedMain] Triggering deferred initialization of Spring Data repositories…
2022-04-09 14:15:25,216 INFO org.springframework.data.repository.config.DeferredRepositoryInitializationListener [restartedMain] Spring Data repositories initialized!
2022-04-09 14:15:25,231 INFO org.springframework.boot.StartupInfoLogger [restartedMain] Started MusicSpringBootAppApplication in 11.36 seconds (JVM running for 12.39)
2022-04-09 14:16:14,410 INFO org.springframework.orm.jpa.AbstractEntityManagerFactoryBean [SpringContextShutdownHook] Closing JPA EntityManagerFactory for persistence unit 'default'
2022-04-09 14:16:14,414 INFO org.springframework.scheduling.concurrent.ExecutorConfigurationSupport [SpringContextShutdownHook] Shutting down ExecutorService 'applicationTaskExecutor'
2022-04-09 14:16:14,417 INFO com.zaxxer.hikari.HikariDataSource [SpringContextShutdownHook] HikariPool-1 - Shutdown initiated...
2022-04-09 14:16:14,451 INFO com.zaxxer.hikari.HikariDataSource [SpringContextShutdownHook] HikariPool-1 - Shutdown completed.
2022-04-09 14:16:19,430 INFO org.springframework.boot.StartupInfoLogger [restartedMain] Starting MusicSpringBootAppApplication on BPAULMA-IN-LE01 with PID 27364 (C:\bpaulma\develop\music-artists-master\target\classes started by BPaulMa in C:\bpaulma\develop\music-artists-master)
2022-04-09 14:16:19,433 DEBUG org.springframework.boot.StartupInfoLogger [restartedMain] Running with Spring Boot v2.3.1.RELEASE, Spring v5.2.7.RELEASE
2022-04-09 14:16:19,433 INFO org.springframework.boot.SpringApplication [restartedMain] The following profiles are active: mysql
2022-04-09 14:16:19,493 INFO org.springframework.boot.logging.DeferredLog [restartedMain] Devtools property defaults active! Set 'spring.devtools.add-properties' to 'false' to disable
2022-04-09 14:16:19,494 INFO org.springframework.boot.logging.DeferredLog [restartedMain] For additional web related logging consider setting the 'logging.level.web' property to 'DEBUG'
2022-04-09 14:16:20,890 INFO org.springframework.data.repository.config.RepositoryConfigurationDelegate [restartedMain] Bootstrapping Spring Data JPA repositories in DEFERRED mode.
2022-04-09 14:16:20,990 INFO org.springframework.data.repository.config.RepositoryConfigurationDelegate [restartedMain] Finished Spring Data repository scanning in 89ms. Found 2 JPA repository interfaces.
2022-04-09 14:16:27,467 INFO org.springframework.boot.web.embedded.tomcat.TomcatWebServer [restartedMain] Tomcat initialized with port(s): 8084 (http)
2022-04-09 14:16:27,480 INFO org.apache.juli.logging.DirectJDKLog [restartedMain] Initializing ProtocolHandler ["http-nio-8084"]
2022-04-09 14:16:27,480 INFO org.apache.juli.logging.DirectJDKLog [restartedMain] Starting service [Tomcat]
2022-04-09 14:16:27,481 INFO org.apache.juli.logging.DirectJDKLog [restartedMain] Starting Servlet engine: [Apache Tomcat/9.0.36]
2022-04-09 14:16:27,622 INFO org.apache.juli.logging.DirectJDKLog [restartedMain] Initializing Spring embedded WebApplicationContext
2022-04-09 14:16:27,622 INFO org.springframework.boot.web.servlet.context.ServletWebServerApplicationContext [restartedMain] Root WebApplicationContext: initialization completed in 8128 ms
2022-04-09 14:16:27,842 INFO com.zaxxer.hikari.HikariDataSource [restartedMain] HikariPool-1 - Starting...
2022-04-09 14:16:28,467 INFO com.zaxxer.hikari.HikariDataSource [restartedMain] HikariPool-1 - Start completed.
2022-04-09 14:16:28,488 INFO org.springframework.boot.autoconfigure.h2.H2ConsoleAutoConfiguration [restartedMain] H2 console available at '/h2-console'. Database available at 'jdbc:mysql://localhost:3306/learnings'
2022-04-09 14:16:28,829 INFO org.springframework.scheduling.concurrent.ExecutorConfigurationSupport [restartedMain] Initializing ExecutorService 'applicationTaskExecutor'
2022-04-09 14:16:28,897 INFO org.hibernate.jpa.internal.util.LogHelper [task-1] HHH000204: Processing PersistenceUnitInfo [name: default]
2022-04-09 14:16:28,974 INFO org.hibernate.Version [task-1] HHH000412: Hibernate ORM core version 5.4.17.Final
2022-04-09 14:16:29,007 WARN org.springframework.boot.autoconfigure.orm.jpa.JpaBaseConfiguration$JpaWebConfiguration [restartedMain] spring.jpa.open-in-view is enabled by default. Therefore, database queries may be performed during view rendering. Explicitly configure spring.jpa.open-in-view to disable this warning
2022-04-09 14:16:29,180 INFO org.hibernate.annotations.common.reflection.java.JavaReflectionManager [task-1] HCANN000001: Hibernate Commons Annotations {5.1.0.Final}
2022-04-09 14:16:29,397 INFO org.hibernate.dialect.Dialect [task-1] HHH000400: Using dialect: org.hibernate.dialect.MySQL5Dialect
2022-04-09 14:16:30,477 INFO org.hibernate.engine.transaction.jta.platform.internal.JtaPlatformInitiator [task-1] HHH000490: Using JtaPlatform implementation: [org.hibernate.engine.transaction.jta.platform.internal.NoJtaPlatform]
2022-04-09 14:16:30,480 INFO org.springframework.orm.jpa.AbstractEntityManagerFactoryBean [task-1] Initialized JPA EntityManagerFactory for persistence unit 'default'
2022-04-09 14:16:30,524 INFO org.springframework.boot.devtools.autoconfigure.OptionalLiveReloadServer [task-2] LiveReload server is running on port 35729
2022-04-09 14:16:30,636 INFO org.springframework.boot.actuate.endpoint.web.EndpointLinksResolver [restartedMain] Exposing 2 endpoint(s) beneath base path '/actuator'
2022-04-09 14:16:30,677 INFO org.apache.juli.logging.DirectJDKLog [restartedMain] Starting ProtocolHandler ["http-nio-8084"]
2022-04-09 14:16:30,717 INFO org.springframework.boot.web.embedded.tomcat.TomcatWebServer [restartedMain] Tomcat started on port(s): 8084 (http) with context path ''
2022-04-09 14:16:30,718 INFO org.springframework.data.repository.config.DeferredRepositoryInitializationListener [restartedMain] Triggering deferred initialization of Spring Data repositories…
2022-04-09 14:16:31,309 INFO org.springframework.data.repository.config.DeferredRepositoryInitializationListener [restartedMain] Spring Data repositories initialized!
2022-04-09 14:16:31,326 INFO org.springframework.boot.StartupInfoLogger [restartedMain] Started MusicSpringBootAppApplication in 12.361 seconds (JVM running for 13.376)
2022-04-09 14:16:51,488 INFO org.apache.juli.logging.DirectJDKLog [http-nio-8084-exec-1] Initializing Spring DispatcherServlet 'dispatcherServlet'
2022-04-09 14:16:51,489 INFO org.springframework.web.servlet.FrameworkServlet [http-nio-8084-exec-1] Initializing Servlet 'dispatcherServlet'
2022-04-09 14:16:51,510 INFO org.springframework.web.servlet.FrameworkServlet [http-nio-8084-exec-1] Completed initialization in 21 ms
2022-04-09 14:17:24,125 INFO org.springframework.orm.jpa.AbstractEntityManagerFactoryBean [SpringContextShutdownHook] Closing JPA EntityManagerFactory for persistence unit 'default'
2022-04-09 14:17:24,128 INFO org.springframework.scheduling.concurrent.ExecutorConfigurationSupport [SpringContextShutdownHook] Shutting down ExecutorService 'applicationTaskExecutor'
2022-04-09 14:17:24,133 INFO com.zaxxer.hikari.HikariDataSource [SpringContextShutdownHook] HikariPool-1 - Shutdown initiated...
2022-04-09 14:17:24,189 INFO com.zaxxer.hikari.HikariDataSource [SpringContextShutdownHook] HikariPool-1 - Shutdown completed.
2022-04-09 14:17:30,412 INFO org.springframework.boot.StartupInfoLogger [restartedMain] Starting MusicSpringBootAppApplication on BPAULMA-IN-LE01 with PID 14372 (C:\bpaulma\develop\music-artists-master\target\classes started by BPaulMa in C:\bpaulma\develop\music-artists-master)
2022-04-09 14:17:30,415 DEBUG org.springframework.boot.StartupInfoLogger [restartedMain] Running with Spring Boot v2.3.1.RELEASE, Spring v5.2.7.RELEASE
2022-04-09 14:17:30,416 INFO org.springframework.boot.SpringApplication [restartedMain] The following profiles are active: mysql
2022-04-09 14:17:30,488 INFO org.springframework.boot.logging.DeferredLog [restartedMain] Devtools property defaults active! Set 'spring.devtools.add-properties' to 'false' to disable
2022-04-09 14:17:30,489 INFO org.springframework.boot.logging.DeferredLog [restartedMain] For additional web related logging consider setting the 'logging.level.web' property to 'DEBUG'
2022-04-09 14:17:32,039 INFO org.springframework.data.repository.config.RepositoryConfigurationDelegate [restartedMain] Bootstrapping Spring Data JPA repositories in DEFERRED mode.
2022-04-09 14:17:32,151 INFO org.springframework.data.repository.config.RepositoryConfigurationDelegate [restartedMain] Finished Spring Data repository scanning in 102ms. Found 2 JPA repository interfaces.
2022-04-09 14:17:38,225 INFO org.springframework.boot.web.embedded.tomcat.TomcatWebServer [restartedMain] Tomcat initialized with port(s): 8084 (http)
2022-04-09 14:17:38,238 INFO org.apache.juli.logging.DirectJDKLog [restartedMain] Initializing ProtocolHandler ["http-nio-8084"]
2022-04-09 14:17:38,239 INFO org.apache.juli.logging.DirectJDKLog [restartedMain] Starting service [Tomcat]
2022-04-09 14:17:38,239 INFO org.apache.juli.logging.DirectJDKLog [restartedMain] Starting Servlet engine: [Apache Tomcat/9.0.36]
2022-04-09 14:17:38,396 INFO org.apache.juli.logging.DirectJDKLog [restartedMain] Initializing Spring embedded WebApplicationContext
2022-04-09 14:17:38,396 INFO org.springframework.boot.web.servlet.context.ServletWebServerApplicationContext [restartedMain] Root WebApplicationContext: initialization completed in 7907 ms
2022-04-09 14:17:38,655 INFO com.zaxxer.hikari.HikariDataSource [restartedMain] HikariPool-1 - Starting...
2022-04-09 14:17:39,105 INFO com.zaxxer.hikari.HikariDataSource [restartedMain] HikariPool-1 - Start completed.
2022-04-09 14:17:39,113 INFO org.springframework.boot.autoconfigure.h2.H2ConsoleAutoConfiguration [restartedMain] H2 console available at '/h2-console'. Database available at 'jdbc:mysql://localhost:3306/learnings'
2022-04-09 14:17:39,341 INFO org.springframework.scheduling.concurrent.ExecutorConfigurationSupport [restartedMain] Initializing ExecutorService 'applicationTaskExecutor'
2022-04-09 14:17:39,424 INFO org.hibernate.jpa.internal.util.LogHelper [task-1] HHH000204: Processing PersistenceUnitInfo [name: default]
2022-04-09 14:17:39,526 INFO org.hibernate.Version [task-1] HHH000412: Hibernate ORM core version 5.4.17.Final
2022-04-09 14:17:39,597 WARN org.springframework.boot.autoconfigure.orm.jpa.JpaBaseConfiguration$JpaWebConfiguration [restartedMain] spring.jpa.open-in-view is enabled by default. Therefore, database queries may be performed during view rendering. Explicitly configure spring.jpa.open-in-view to disable this warning
2022-04-09 14:17:39,765 INFO org.hibernate.annotations.common.reflection.java.JavaReflectionManager [task-1] HCANN000001: Hibernate Commons Annotations {5.1.0.Final}
2022-04-09 14:17:39,976 INFO org.hibernate.dialect.Dialect [task-1] HHH000400: Using dialect: org.hibernate.dialect.MySQL5Dialect
2022-04-09 14:17:41,610 INFO org.hibernate.engine.transaction.jta.platform.internal.JtaPlatformInitiator [task-1] HHH000490: Using JtaPlatform implementation: [org.hibernate.engine.transaction.jta.platform.internal.NoJtaPlatform]
2022-04-09 14:17:41,635 INFO org.springframework.orm.jpa.AbstractEntityManagerFactoryBean [task-1] Initialized JPA EntityManagerFactory for persistence unit 'default'
2022-04-09 14:17:41,717 INFO org.springframework.boot.devtools.autoconfigure.OptionalLiveReloadServer [task-2] LiveReload server is running on port 35729
2022-04-09 14:17:41,998 INFO org.springframework.boot.actuate.endpoint.web.EndpointLinksResolver [restartedMain] Exposing 2 endpoint(s) beneath base path '/actuator'
2022-04-09 14:17:42,057 INFO org.apache.juli.logging.DirectJDKLog [restartedMain] Starting ProtocolHandler ["http-nio-8084"]
2022-04-09 14:17:42,088 INFO org.springframework.boot.web.embedded.tomcat.TomcatWebServer [restartedMain] Tomcat started on port(s): 8084 (http) with context path ''
2022-04-09 14:17:42,091 INFO org.springframework.data.repository.config.DeferredRepositoryInitializationListener [restartedMain] Triggering deferred initialization of Spring Data repositories…
2022-04-09 14:17:42,690 INFO org.springframework.data.repository.config.DeferredRepositoryInitializationListener [restartedMain] Spring Data repositories initialized!
2022-04-09 14:17:42,705 INFO org.springframework.boot.StartupInfoLogger [restartedMain] Started MusicSpringBootAppApplication in 12.86 seconds (JVM running for 14.015)
2022-04-09 14:17:47,101 INFO org.apache.juli.logging.DirectJDKLog [http-nio-8084-exec-2] Initializing Spring DispatcherServlet 'dispatcherServlet'
2022-04-09 14:17:47,104 INFO org.springframework.web.servlet.FrameworkServlet [http-nio-8084-exec-2] Initializing Servlet 'dispatcherServlet'
2022-04-09 14:17:47,131 INFO org.springframework.web.servlet.FrameworkServlet [http-nio-8084-exec-2] Completed initialization in 26 ms
2022-04-09 14:17:47,251 INFO com.music.app.aspect.trace.TraceableAspect [http-nio-8084-exec-2] Input : 1
2022-04-09 14:17:47,732 WARN org.springframework.web.servlet.handler.AbstractHandlerExceptionResolver [http-nio-8084-exec-2] Resolved [java.lang.ClassCastException: class java.util.ArrayList cannot be cast to class java.lang.String (java.util.ArrayList and java.lang.String are in module java.base of loader 'bootstrap')]
2022-04-09 14:18:20,161 INFO org.springframework.orm.jpa.AbstractEntityManagerFactoryBean [SpringContextShutdownHook] Closing JPA EntityManagerFactory for persistence unit 'default'
2022-04-09 14:18:20,167 INFO org.springframework.scheduling.concurrent.ExecutorConfigurationSupport [SpringContextShutdownHook] Shutting down ExecutorService 'applicationTaskExecutor'
2022-04-09 14:18:20,173 INFO com.zaxxer.hikari.HikariDataSource [SpringContextShutdownHook] HikariPool-1 - Shutdown initiated...
2022-04-09 14:18:20,233 INFO com.zaxxer.hikari.HikariDataSource [SpringContextShutdownHook] HikariPool-1 - Shutdown completed.
2022-04-09 14:18:26,050 INFO org.springframework.boot.StartupInfoLogger [restartedMain] Starting MusicSpringBootAppApplication on BPAULMA-IN-LE01 with PID 4420 (C:\bpaulma\develop\music-artists-master\target\classes started by BPaulMa in C:\bpaulma\develop\music-artists-master)
2022-04-09 14:18:26,052 DEBUG org.springframework.boot.StartupInfoLogger [restartedMain] Running with Spring Boot v2.3.1.RELEASE, Spring v5.2.7.RELEASE
2022-04-09 14:18:26,053 INFO org.springframework.boot.SpringApplication [restartedMain] The following profiles are active: mysql
2022-04-09 14:18:26,110 INFO org.springframework.boot.logging.DeferredLog [restartedMain] Devtools property defaults active! Set 'spring.devtools.add-properties' to 'false' to disable
2022-04-09 14:18:26,111 INFO org.springframework.boot.logging.DeferredLog [restartedMain] For additional web related logging consider setting the 'logging.level.web' property to 'DEBUG'
2022-04-09 14:18:27,414 INFO org.springframework.data.repository.config.RepositoryConfigurationDelegate [restartedMain] Bootstrapping Spring Data JPA repositories in DEFERRED mode.
2022-04-09 14:18:27,501 INFO org.springframework.data.repository.config.RepositoryConfigurationDelegate [restartedMain] Finished Spring Data repository scanning in 77ms. Found 2 JPA repository interfaces.
2022-04-09 14:18:33,293 INFO org.springframework.boot.web.embedded.tomcat.TomcatWebServer [restartedMain] Tomcat initialized with port(s): 8084 (http)
2022-04-09 14:18:33,316 INFO org.apache.juli.logging.DirectJDKLog [restartedMain] Initializing ProtocolHandler ["http-nio-8084"]
2022-04-09 14:18:33,318 INFO org.apache.juli.logging.DirectJDKLog [restartedMain] Starting service [Tomcat]
2022-04-09 14:18:33,318 INFO org.apache.juli.logging.DirectJDKLog [restartedMain] Starting Servlet engine: [Apache Tomcat/9.0.36]
2022-04-09 14:18:33,526 INFO org.apache.juli.logging.DirectJDKLog [restartedMain] Initializing Spring embedded WebApplicationContext
2022-04-09 14:18:33,526 INFO org.springframework.boot.web.servlet.context.ServletWebServerApplicationContext [restartedMain] Root WebApplicationContext: initialization completed in 7415 ms
2022-04-09 14:18:33,759 INFO com.zaxxer.hikari.HikariDataSource [restartedMain] HikariPool-1 - Starting...
2022-04-09 14:18:34,611 INFO com.zaxxer.hikari.HikariDataSource [restartedMain] HikariPool-1 - Start completed.
2022-04-09 14:18:34,623 INFO org.springframework.boot.autoconfigure.h2.H2ConsoleAutoConfiguration [restartedMain] H2 console available at '/h2-console'. Database available at 'jdbc:mysql://localhost:3306/learnings'
2022-04-09 14:18:34,885 INFO org.springframework.scheduling.concurrent.ExecutorConfigurationSupport [restartedMain] Initializing ExecutorService 'applicationTaskExecutor'
2022-04-09 14:18:34,963 INFO org.hibernate.jpa.internal.util.LogHelper [task-1] HHH000204: Processing PersistenceUnitInfo [name: default]
2022-04-09 14:18:35,035 INFO org.hibernate.Version [task-1] HHH000412: Hibernate ORM core version 5.4.17.Final
2022-04-09 14:18:35,096 WARN org.springframework.boot.autoconfigure.orm.jpa.JpaBaseConfiguration$JpaWebConfiguration [restartedMain] spring.jpa.open-in-view is enabled by default. Therefore, database queries may be performed during view rendering. Explicitly configure spring.jpa.open-in-view to disable this warning
2022-04-09 14:18:35,247 INFO org.hibernate.annotations.common.reflection.java.JavaReflectionManager [task-1] HCANN000001: Hibernate Commons Annotations {5.1.0.Final}
2022-04-09 14:18:35,442 INFO org.hibernate.dialect.Dialect [task-1] HHH000400: Using dialect: org.hibernate.dialect.MySQL5Dialect
2022-04-09 14:18:36,528 INFO org.hibernate.engine.transaction.jta.platform.internal.JtaPlatformInitiator [task-1] HHH000490: Using JtaPlatform implementation: [org.hibernate.engine.transaction.jta.platform.internal.NoJtaPlatform]
2022-04-09 14:18:36,541 INFO org.springframework.orm.jpa.AbstractEntityManagerFactoryBean [task-1] Initialized JPA EntityManagerFactory for persistence unit 'default'
2022-04-09 14:18:36,620 INFO org.springframework.boot.devtools.autoconfigure.OptionalLiveReloadServer [task-2] LiveReload server is running on port 35729
2022-04-09 14:18:36,817 INFO org.springframework.boot.actuate.endpoint.web.EndpointLinksResolver [restartedMain] Exposing 2 endpoint(s) beneath base path '/actuator'
2022-04-09 14:18:36,855 INFO org.apache.juli.logging.DirectJDKLog [restartedMain] Starting ProtocolHandler ["http-nio-8084"]
2022-04-09 14:18:36,884 INFO org.springframework.boot.web.embedded.tomcat.TomcatWebServer [restartedMain] Tomcat started on port(s): 8084 (http) with context path ''
2022-04-09 14:18:36,887 INFO org.springframework.data.repository.config.DeferredRepositoryInitializationListener [restartedMain] Triggering deferred initialization of Spring Data repositories…
2022-04-09 14:18:37,439 INFO org.springframework.data.repository.config.DeferredRepositoryInitializationListener [restartedMain] Spring Data repositories initialized!
2022-04-09 14:18:37,452 INFO org.springframework.boot.StartupInfoLogger [restartedMain] Started MusicSpringBootAppApplication in 11.898 seconds (JVM running for 12.949)
2022-04-09 14:18:41,570 INFO org.apache.juli.logging.DirectJDKLog [http-nio-8084-exec-2] Initializing Spring DispatcherServlet 'dispatcherServlet'
2022-04-09 14:18:41,571 INFO org.springframework.web.servlet.FrameworkServlet [http-nio-8084-exec-2] Initializing Servlet 'dispatcherServlet'
2022-04-09 14:18:41,599 INFO org.springframework.web.servlet.FrameworkServlet [http-nio-8084-exec-2] Completed initialization in 27 ms
2022-04-09 14:18:41,723 INFO com.music.app.aspect.trace.TraceableAspect [http-nio-8084-exec-2] Input : 1
2022-04-09 14:18:42,035 INFO com.music.app.aspect.trace.TraceableAspect [http-nio-8084-exec-2] result [FAILED toString()]
2022-04-09 14:26:30,699 INFO org.springframework.orm.jpa.AbstractEntityManagerFactoryBean [SpringContextShutdownHook] Closing JPA EntityManagerFactory for persistence unit 'default'
2022-04-09 14:26:30,704 INFO org.springframework.scheduling.concurrent.ExecutorConfigurationSupport [SpringContextShutdownHook] Shutting down ExecutorService 'applicationTaskExecutor'
2022-04-09 14:26:30,708 INFO com.zaxxer.hikari.HikariDataSource [SpringContextShutdownHook] HikariPool-1 - Shutdown initiated...
2022-04-09 14:26:30,761 INFO com.zaxxer.hikari.HikariDataSource [SpringContextShutdownHook] HikariPool-1 - Shutdown completed.
2022-04-09 14:26:36,843 INFO org.springframework.boot.StartupInfoLogger [restartedMain] Starting MusicSpringBootAppApplication on BPAULMA-IN-LE01 with PID 10708 (C:\bpaulma\develop\music-artists-master\target\classes started by BPaulMa in C:\bpaulma\develop\music-artists-master)
2022-04-09 14:26:36,847 DEBUG org.springframework.boot.StartupInfoLogger [restartedMain] Running with Spring Boot v2.3.1.RELEASE, Spring v5.2.7.RELEASE
2022-04-09 14:26:36,849 INFO org.springframework.boot.SpringApplication [restartedMain] The following profiles are active: mysql
2022-04-09 14:26:36,909 INFO org.springframework.boot.logging.DeferredLog [restartedMain] Devtools property defaults active! Set 'spring.devtools.add-properties' to 'false' to disable
2022-04-09 14:26:36,910 INFO org.springframework.boot.logging.DeferredLog [restartedMain] For additional web related logging consider setting the 'logging.level.web' property to 'DEBUG'
2022-04-09 14:26:38,208 INFO org.springframework.data.repository.config.RepositoryConfigurationDelegate [restartedMain] Bootstrapping Spring Data JPA repositories in DEFERRED mode.
2022-04-09 14:26:38,291 INFO org.springframework.data.repository.config.RepositoryConfigurationDelegate [restartedMain] Finished Spring Data repository scanning in 74ms. Found 2 JPA repository interfaces.
2022-04-09 14:26:44,878 INFO org.springframework.boot.web.embedded.tomcat.TomcatWebServer [restartedMain] Tomcat initialized with port(s): 8084 (http)
2022-04-09 14:26:44,898 INFO org.apache.juli.logging.DirectJDKLog [restartedMain] Initializing ProtocolHandler ["http-nio-8084"]
2022-04-09 14:26:44,899 INFO org.apache.juli.logging.DirectJDKLog [restartedMain] Starting service [Tomcat]
2022-04-09 14:26:44,899 INFO org.apache.juli.logging.DirectJDKLog [restartedMain] Starting Servlet engine: [Apache Tomcat/9.0.36]
2022-04-09 14:26:45,076 INFO org.apache.juli.logging.DirectJDKLog [restartedMain] Initializing Spring embedded WebApplicationContext
2022-04-09 14:26:45,077 INFO org.springframework.boot.web.servlet.context.ServletWebServerApplicationContext [restartedMain] Root WebApplicationContext: initialization completed in 8166 ms
2022-04-09 14:26:45,332 INFO com.zaxxer.hikari.HikariDataSource [restartedMain] HikariPool-1 - Starting...
2022-04-09 14:26:46,113 INFO com.zaxxer.hikari.HikariDataSource [restartedMain] HikariPool-1 - Start completed.
2022-04-09 14:26:46,126 INFO org.springframework.boot.autoconfigure.h2.H2ConsoleAutoConfiguration [restartedMain] H2 console available at '/h2-console'. Database available at 'jdbc:mysql://localhost:3306/learnings'
2022-04-09 14:26:46,417 INFO org.springframework.scheduling.concurrent.ExecutorConfigurationSupport [restartedMain] Initializing ExecutorService 'applicationTaskExecutor'
2022-04-09 14:26:46,501 INFO org.hibernate.jpa.internal.util.LogHelper [task-1] HHH000204: Processing PersistenceUnitInfo [name: default]
2022-04-09 14:26:46,595 INFO org.hibernate.Version [task-1] HHH000412: Hibernate ORM core version 5.4.17.Final
2022-04-09 14:26:46,651 WARN org.springframework.boot.autoconfigure.orm.jpa.JpaBaseConfiguration$JpaWebConfiguration [restartedMain] spring.jpa.open-in-view is enabled by default. Therefore, database queries may be performed during view rendering. Explicitly configure spring.jpa.open-in-view to disable this warning
2022-04-09 14:26:46,813 INFO org.hibernate.annotations.common.reflection.java.JavaReflectionManager [task-1] HCANN000001: Hibernate Commons Annotations {5.1.0.Final}
2022-04-09 14:26:47,050 INFO org.hibernate.dialect.Dialect [task-1] HHH000400: Using dialect: org.hibernate.dialect.MySQL5Dialect
2022-04-09 14:26:48,192 INFO org.hibernate.engine.transaction.jta.platform.internal.JtaPlatformInitiator [task-1] HHH000490: Using JtaPlatform implementation: [org.hibernate.engine.transaction.jta.platform.internal.NoJtaPlatform]
2022-04-09 14:26:48,220 INFO org.springframework.orm.jpa.AbstractEntityManagerFactoryBean [task-1] Initialized JPA EntityManagerFactory for persistence unit 'default'
2022-04-09 14:26:48,335 INFO org.springframework.boot.devtools.autoconfigure.OptionalLiveReloadServer [task-2] LiveReload server is running on port 35729
2022-04-09 14:26:48,534 INFO org.springframework.boot.actuate.endpoint.web.EndpointLinksResolver [restartedMain] Exposing 2 endpoint(s) beneath base path '/actuator'
2022-04-09 14:26:48,575 INFO org.apache.juli.logging.DirectJDKLog [restartedMain] Starting ProtocolHandler ["http-nio-8084"]
2022-04-09 14:26:48,609 INFO org.springframework.boot.web.embedded.tomcat.TomcatWebServer [restartedMain] Tomcat started on port(s): 8084 (http) with context path ''
2022-04-09 14:26:48,611 INFO org.springframework.data.repository.config.DeferredRepositoryInitializationListener [restartedMain] Triggering deferred initialization of Spring Data repositories…
2022-04-09 14:26:49,510 INFO org.springframework.data.repository.config.DeferredRepositoryInitializationListener [restartedMain] Spring Data repositories initialized!
2022-04-09 14:26:49,540 INFO org.springframework.boot.StartupInfoLogger [restartedMain] Started MusicSpringBootAppApplication in 13.204 seconds (JVM running for 14.141)
2022-04-09 14:27:09,695 INFO org.apache.juli.logging.DirectJDKLog [http-nio-8084-exec-1] Initializing Spring DispatcherServlet 'dispatcherServlet'
2022-04-09 14:27:09,696 INFO org.springframework.web.servlet.FrameworkServlet [http-nio-8084-exec-1] Initializing Servlet 'dispatcherServlet'
2022-04-09 14:27:09,712 INFO org.springframework.web.servlet.FrameworkServlet [http-nio-8084-exec-1] Completed initialization in 16 ms
2022-04-09 14:27:09,797 INFO com.music.app.aspect.trace.TraceableAspect [http-nio-8084-exec-1] Input : 1
2022-04-09 14:27:10,001 INFO com.music.app.aspect.trace.TraceableAspect [http-nio-8084-exec-1] result [FAILED toString()]
2022-04-09 14:27:55,675 INFO org.springframework.orm.jpa.AbstractEntityManagerFactoryBean [SpringContextShutdownHook] Closing JPA EntityManagerFactory for persistence unit 'default'
2022-04-09 14:27:55,677 INFO org.springframework.scheduling.concurrent.ExecutorConfigurationSupport [SpringContextShutdownHook] Shutting down ExecutorService 'applicationTaskExecutor'
2022-04-09 14:27:55,679 INFO com.zaxxer.hikari.HikariDataSource [SpringContextShutdownHook] HikariPool-1 - Shutdown initiated...
2022-04-09 14:27:55,697 INFO com.zaxxer.hikari.HikariDataSource [SpringContextShutdownHook] HikariPool-1 - Shutdown completed.
2022-04-09 14:28:02,140 INFO org.springframework.boot.StartupInfoLogger [restartedMain] Starting MusicSpringBootAppApplication on BPAULMA-IN-LE01 with PID 21896 (C:\bpaulma\develop\music-artists-master\target\classes started by BPaulMa in C:\bpaulma\develop\music-artists-master)
2022-04-09 14:28:02,143 DEBUG org.springframework.boot.StartupInfoLogger [restartedMain] Running with Spring Boot v2.3.1.RELEASE, Spring v5.2.7.RELEASE
2022-04-09 14:28:02,144 INFO org.springframework.boot.SpringApplication [restartedMain] The following profiles are active: mysql
2022-04-09 14:28:02,202 INFO org.springframework.boot.logging.DeferredLog [restartedMain] Devtools property defaults active! Set 'spring.devtools.add-properties' to 'false' to disable
2022-04-09 14:28:02,203 INFO org.springframework.boot.logging.DeferredLog [restartedMain] For additional web related logging consider setting the 'logging.level.web' property to 'DEBUG'
2022-04-09 14:28:03,729 INFO org.springframework.data.repository.config.RepositoryConfigurationDelegate [restartedMain] Bootstrapping Spring Data JPA repositories in DEFERRED mode.
2022-04-09 14:28:03,836 INFO org.springframework.data.repository.config.RepositoryConfigurationDelegate [restartedMain] Finished Spring Data repository scanning in 96ms. Found 2 JPA repository interfaces.
2022-04-09 14:28:10,143 INFO org.springframework.boot.web.embedded.tomcat.TomcatWebServer [restartedMain] Tomcat initialized with port(s): 8084 (http)
2022-04-09 14:28:10,154 INFO org.apache.juli.logging.DirectJDKLog [restartedMain] Initializing ProtocolHandler ["http-nio-8084"]
2022-04-09 14:28:10,154 INFO org.apache.juli.logging.DirectJDKLog [restartedMain] Starting service [Tomcat]
2022-04-09 14:28:10,154 INFO org.apache.juli.logging.DirectJDKLog [restartedMain] Starting Servlet engine: [Apache Tomcat/9.0.36]
2022-04-09 14:28:10,300 INFO org.apache.juli.logging.DirectJDKLog [restartedMain] Initializing Spring embedded WebApplicationContext
2022-04-09 14:28:10,300 INFO org.springframework.boot.web.servlet.context.ServletWebServerApplicationContext [restartedMain] Root WebApplicationContext: initialization completed in 8097 ms
2022-04-09 14:28:10,527 INFO com.zaxxer.hikari.HikariDataSource [restartedMain] HikariPool-1 - Starting...
2022-04-09 14:28:10,949 INFO com.zaxxer.hikari.HikariDataSource [restartedMain] HikariPool-1 - Start completed.
2022-04-09 14:28:10,958 INFO org.springframework.boot.autoconfigure.h2.H2ConsoleAutoConfiguration [restartedMain] H2 console available at '/h2-console'. Database available at 'jdbc:mysql://localhost:3306/learnings'
2022-04-09 14:28:11,180 INFO org.springframework.scheduling.concurrent.ExecutorConfigurationSupport [restartedMain] Initializing ExecutorService 'applicationTaskExecutor'
2022-04-09 14:28:11,285 INFO org.hibernate.jpa.internal.util.LogHelper [task-1] HHH000204: Processing PersistenceUnitInfo [name: default]
2022-04-09 14:28:11,376 INFO org.hibernate.Version [task-1] HHH000412: Hibernate ORM core version 5.4.17.Final
2022-04-09 14:28:11,434 WARN org.springframework.boot.autoconfigure.orm.jpa.JpaBaseConfiguration$JpaWebConfiguration [restartedMain] spring.jpa.open-in-view is enabled by default. Therefore, database queries may be performed during view rendering. Explicitly configure spring.jpa.open-in-view to disable this warning
2022-04-09 14:28:11,604 INFO org.hibernate.annotations.common.reflection.java.JavaReflectionManager [task-1] HCANN000001: Hibernate Commons Annotations {5.1.0.Final}
2022-04-09 14:28:11,842 INFO org.hibernate.dialect.Dialect [task-1] HHH000400: Using dialect: org.hibernate.dialect.MySQL5Dialect
2022-04-09 14:28:13,164 INFO org.hibernate.engine.transaction.jta.platform.internal.JtaPlatformInitiator [task-1] HHH000490: Using JtaPlatform implementation: [org.hibernate.engine.transaction.jta.platform.internal.NoJtaPlatform]
2022-04-09 14:28:13,190 INFO org.springframework.orm.jpa.AbstractEntityManagerFactoryBean [task-1] Initialized JPA EntityManagerFactory for persistence unit 'default'
2022-04-09 14:28:13,270 INFO org.springframework.boot.devtools.autoconfigure.OptionalLiveReloadServer [task-2] LiveReload server is running on port 35729
2022-04-09 14:28:13,543 INFO org.springframework.boot.actuate.endpoint.web.EndpointLinksResolver [restartedMain] Exposing 2 endpoint(s) beneath base path '/actuator'
2022-04-09 14:28:13,590 INFO org.apache.juli.logging.DirectJDKLog [restartedMain] Starting ProtocolHandler ["http-nio-8084"]
2022-04-09 14:28:13,631 INFO org.springframework.boot.web.embedded.tomcat.TomcatWebServer [restartedMain] Tomcat started on port(s): 8084 (http) with context path ''
2022-04-09 14:28:13,633 INFO org.springframework.data.repository.config.DeferredRepositoryInitializationListener [restartedMain] Triggering deferred initialization of Spring Data repositories…
2022-04-09 14:28:14,266 INFO org.springframework.data.repository.config.DeferredRepositoryInitializationListener [restartedMain] Spring Data repositories initialized!
2022-04-09 14:28:14,281 INFO org.springframework.boot.StartupInfoLogger [restartedMain] Started MusicSpringBootAppApplication in 12.75 seconds (JVM running for 13.862)
2022-04-09 14:28:19,723 INFO org.apache.juli.logging.DirectJDKLog [http-nio-8084-exec-1] Initializing Spring DispatcherServlet 'dispatcherServlet'
2022-04-09 14:28:19,724 INFO org.springframework.web.servlet.FrameworkServlet [http-nio-8084-exec-1] Initializing Servlet 'dispatcherServlet'
2022-04-09 14:28:19,738 INFO org.springframework.web.servlet.FrameworkServlet [http-nio-8084-exec-1] Completed initialization in 14 ms
2022-04-09 14:28:19,804 INFO com.music.app.aspect.trace.TraceableAspect [http-nio-8084-exec-1] Input : 1
2022-04-09 14:28:19,997 INFO com.music.app.aspect.trace.TraceableAspect [http-nio-8084-exec-1] result [FAILED toString()]
2022-04-09 14:28:40,984 INFO org.springframework.orm.jpa.AbstractEntityManagerFactoryBean [SpringContextShutdownHook] Closing JPA EntityManagerFactory for persistence unit 'default'
2022-04-09 14:28:40,984 INFO org.springframework.scheduling.concurrent.ExecutorConfigurationSupport [SpringContextShutdownHook] Shutting down ExecutorService 'applicationTaskExecutor'
2022-04-09 14:28:40,999 INFO com.zaxxer.hikari.HikariDataSource [SpringContextShutdownHook] HikariPool-1 - Shutdown initiated...
2022-04-09 14:28:41,059 INFO com.zaxxer.hikari.HikariDataSource [SpringContextShutdownHook] HikariPool-1 - Shutdown completed.
2022-04-09 14:28:49,438 INFO org.springframework.boot.StartupInfoLogger [restartedMain] Starting MusicSpringBootAppApplication on BPAULMA-IN-LE01 with PID 26940 (C:\bpaulma\develop\music-artists-master\target\classes started by BPaulMa in C:\bpaulma\develop\music-artists-master)
2022-04-09 14:28:49,442 DEBUG org.springframework.boot.StartupInfoLogger [restartedMain] Running with Spring Boot v2.3.1.RELEASE, Spring v5.2.7.RELEASE
2022-04-09 14:28:49,442 INFO org.springframework.boot.SpringApplication [restartedMain] The following profiles are active: mysql
2022-04-09 14:28:49,509 INFO org.springframework.boot.logging.DeferredLog [restartedMain] Devtools property defaults active! Set 'spring.devtools.add-properties' to 'false' to disable
2022-04-09 14:28:49,510 INFO org.springframework.boot.logging.DeferredLog [restartedMain] For additional web related logging consider setting the 'logging.level.web' property to 'DEBUG'
2022-04-09 14:28:50,915 INFO org.springframework.data.repository.config.RepositoryConfigurationDelegate [restartedMain] Bootstrapping Spring Data JPA repositories in DEFERRED mode.
2022-04-09 14:28:51,012 INFO org.springframework.data.repository.config.RepositoryConfigurationDelegate [restartedMain] Finished Spring Data repository scanning in 87ms. Found 2 JPA repository interfaces.
2022-04-09 14:28:57,381 INFO org.springframework.boot.web.embedded.tomcat.TomcatWebServer [restartedMain] Tomcat initialized with port(s): 8084 (http)
2022-04-09 14:28:57,405 INFO org.apache.juli.logging.DirectJDKLog [restartedMain] Initializing ProtocolHandler ["http-nio-8084"]
2022-04-09 14:28:57,406 INFO org.apache.juli.logging.DirectJDKLog [restartedMain] Starting service [Tomcat]
2022-04-09 14:28:57,407 INFO org.apache.juli.logging.DirectJDKLog [restartedMain] Starting Servlet engine: [Apache Tomcat/9.0.36]
2022-04-09 14:28:57,743 INFO org.apache.juli.logging.DirectJDKLog [restartedMain] Initializing Spring embedded WebApplicationContext
2022-04-09 14:28:57,744 INFO org.springframework.boot.web.servlet.context.ServletWebServerApplicationContext [restartedMain] Root WebApplicationContext: initialization completed in 8234 ms
2022-04-09 14:28:58,179 INFO com.zaxxer.hikari.HikariDataSource [restartedMain] HikariPool-1 - Starting...
2022-04-09 14:28:58,882 INFO com.zaxxer.hikari.HikariDataSource [restartedMain] HikariPool-1 - Start completed.
2022-04-09 14:28:58,890 INFO org.springframework.boot.autoconfigure.h2.H2ConsoleAutoConfiguration [restartedMain] H2 console available at '/h2-console'. Database available at 'jdbc:mysql://localhost:3306/learnings'
2022-04-09 14:28:59,134 INFO org.springframework.scheduling.concurrent.ExecutorConfigurationSupport [restartedMain] Initializing ExecutorService 'applicationTaskExecutor'
2022-04-09 14:28:59,227 INFO org.hibernate.jpa.internal.util.LogHelper [task-1] HHH000204: Processing PersistenceUnitInfo [name: default]
2022-04-09 14:28:59,315 INFO org.hibernate.Version [task-1] HHH000412: Hibernate ORM core version 5.4.17.Final
2022-04-09 14:28:59,379 WARN org.springframework.boot.autoconfigure.orm.jpa.JpaBaseConfiguration$JpaWebConfiguration [restartedMain] spring.jpa.open-in-view is enabled by default. Therefore, database queries may be performed during view rendering. Explicitly configure spring.jpa.open-in-view to disable this warning
2022-04-09 14:28:59,511 INFO org.hibernate.annotations.common.reflection.java.JavaReflectionManager [task-1] HCANN000001: Hibernate Commons Annotations {5.1.0.Final}
2022-04-09 14:28:59,755 INFO org.hibernate.dialect.Dialect [task-1] HHH000400: Using dialect: org.hibernate.dialect.MySQL5Dialect
2022-04-09 14:29:01,133 INFO org.hibernate.engine.transaction.jta.platform.internal.JtaPlatformInitiator [task-1] HHH000490: Using JtaPlatform implementation: [org.hibernate.engine.transaction.jta.platform.internal.NoJtaPlatform]
2022-04-09 14:29:01,159 INFO org.springframework.orm.jpa.AbstractEntityManagerFactoryBean [task-1] Initialized JPA EntityManagerFactory for persistence unit 'default'
2022-04-09 14:29:01,238 INFO org.springframework.boot.devtools.autoconfigure.OptionalLiveReloadServer [task-2] LiveReload server is running on port 35729
2022-04-09 14:29:01,450 INFO org.springframework.boot.actuate.endpoint.web.EndpointLinksResolver [restartedMain] Exposing 2 endpoint(s) beneath base path '/actuator'
2022-04-09 14:29:01,492 INFO org.apache.juli.logging.DirectJDKLog [restartedMain] Starting ProtocolHandler ["http-nio-8084"]
2022-04-09 14:29:01,530 INFO org.springframework.boot.web.embedded.tomcat.TomcatWebServer [restartedMain] Tomcat started on port(s): 8084 (http) with context path ''
2022-04-09 14:29:01,532 INFO org.springframework.data.repository.config.DeferredRepositoryInitializationListener [restartedMain] Triggering deferred initialization of Spring Data repositories…
2022-04-09 14:29:02,131 INFO org.springframework.data.repository.config.DeferredRepositoryInitializationListener [restartedMain] Spring Data repositories initialized!
2022-04-09 14:29:02,145 INFO org.springframework.boot.StartupInfoLogger [restartedMain] Started MusicSpringBootAppApplication in 13.222 seconds (JVM running for 14.207)
2022-04-09 14:29:03,722 INFO org.apache.juli.logging.DirectJDKLog [http-nio-8084-exec-1] Initializing Spring DispatcherServlet 'dispatcherServlet'
2022-04-09 14:29:03,722 INFO org.springframework.web.servlet.FrameworkServlet [http-nio-8084-exec-1] Initializing Servlet 'dispatcherServlet'
2022-04-09 14:29:03,741 INFO org.springframework.web.servlet.FrameworkServlet [http-nio-8084-exec-1] Completed initialization in 17 ms
2022-04-09 14:29:03,857 INFO com.music.app.aspect.trace.TraceableAspect [http-nio-8084-exec-1] Input : 1
2022-04-09 14:29:04,183 INFO com.music.app.aspect.trace.TraceableAspect [http-nio-8084-exec-1] result [com.music.app.model.Albums@2c2a3882]
2022-04-09 14:31:28,865 INFO org.springframework.orm.jpa.AbstractEntityManagerFactoryBean [SpringContextShutdownHook] Closing JPA EntityManagerFactory for persistence unit 'default'
2022-04-09 14:31:28,867 INFO org.springframework.scheduling.concurrent.ExecutorConfigurationSupport [SpringContextShutdownHook] Shutting down ExecutorService 'applicationTaskExecutor'
2022-04-09 14:31:28,869 INFO com.zaxxer.hikari.HikariDataSource [SpringContextShutdownHook] HikariPool-1 - Shutdown initiated...
2022-04-09 14:31:28,889 INFO com.zaxxer.hikari.HikariDataSource [SpringContextShutdownHook] HikariPool-1 - Shutdown completed.
2022-04-09 14:31:35,947 INFO org.springframework.boot.StartupInfoLogger [restartedMain] Starting MusicSpringBootAppApplication on BPAULMA-IN-LE01 with PID 21732 (C:\bpaulma\develop\music-artists-master\target\classes started by BPaulMa in C:\bpaulma\develop\music-artists-master)
2022-04-09 14:31:35,953 DEBUG org.springframework.boot.StartupInfoLogger [restartedMain] Running with Spring Boot v2.3.1.RELEASE, Spring v5.2.7.RELEASE
2022-04-09 14:31:35,953 INFO org.springframework.boot.SpringApplication [restartedMain] The following profiles are active: mysql
2022-04-09 14:31:36,037 INFO org.springframework.boot.logging.DeferredLog [restartedMain] Devtools property defaults active! Set 'spring.devtools.add-properties' to 'false' to disable
2022-04-09 14:31:36,038 INFO org.springframework.boot.logging.DeferredLog [restartedMain] For additional web related logging consider setting the 'logging.level.web' property to 'DEBUG'
2022-04-09 14:31:37,620 INFO org.springframework.data.repository.config.RepositoryConfigurationDelegate [restartedMain] Bootstrapping Spring Data JPA repositories in DEFERRED mode.
2022-04-09 14:31:37,740 INFO org.springframework.data.repository.config.RepositoryConfigurationDelegate [restartedMain] Finished Spring Data repository scanning in 106ms. Found 2 JPA repository interfaces.
2022-04-09 14:31:43,891 INFO org.springframework.boot.web.embedded.tomcat.TomcatWebServer [restartedMain] Tomcat initialized with port(s): 8084 (http)
2022-04-09 14:31:43,903 INFO org.apache.juli.logging.DirectJDKLog [restartedMain] Initializing ProtocolHandler ["http-nio-8084"]
2022-04-09 14:31:43,903 INFO org.apache.juli.logging.DirectJDKLog [restartedMain] Starting service [Tomcat]
2022-04-09 14:31:43,903 INFO org.apache.juli.logging.DirectJDKLog [restartedMain] Starting Servlet engine: [Apache Tomcat/9.0.36]
2022-04-09 14:31:44,039 INFO org.apache.juli.logging.DirectJDKLog [restartedMain] Initializing Spring embedded WebApplicationContext
2022-04-09 14:31:44,039 INFO org.springframework.boot.web.servlet.context.ServletWebServerApplicationContext [restartedMain] Root WebApplicationContext: initialization completed in 8001 ms
2022-04-09 14:31:44,268 INFO com.zaxxer.hikari.HikariDataSource [restartedMain] HikariPool-1 - Starting...
2022-04-09 14:31:44,733 INFO com.zaxxer.hikari.HikariDataSource [restartedMain] HikariPool-1 - Start completed.
2022-04-09 14:31:44,745 INFO org.springframework.boot.autoconfigure.h2.H2ConsoleAutoConfiguration [restartedMain] H2 console available at '/h2-console'. Database available at 'jdbc:mysql://localhost:3306/learnings'
2022-04-09 14:31:44,964 INFO org.springframework.scheduling.concurrent.ExecutorConfigurationSupport [restartedMain] Initializing ExecutorService 'applicationTaskExecutor'
2022-04-09 14:31:45,043 INFO org.hibernate.jpa.internal.util.LogHelper [task-1] HHH000204: Processing PersistenceUnitInfo [name: default]
2022-04-09 14:31:45,116 INFO org.hibernate.Version [task-1] HHH000412: Hibernate ORM core version 5.4.17.Final
2022-04-09 14:31:45,175 WARN org.springframework.boot.autoconfigure.orm.jpa.JpaBaseConfiguration$JpaWebConfiguration [restartedMain] spring.jpa.open-in-view is enabled by default. Therefore, database queries may be performed during view rendering. Explicitly configure spring.jpa.open-in-view to disable this warning
2022-04-09 14:31:45,307 INFO org.hibernate.annotations.common.reflection.java.JavaReflectionManager [task-1] HCANN000001: Hibernate Commons Annotations {5.1.0.Final}
2022-04-09 14:31:45,531 INFO org.hibernate.dialect.Dialect [task-1] HHH000400: Using dialect: org.hibernate.dialect.MySQL5Dialect
2022-04-09 14:31:46,803 INFO org.hibernate.engine.transaction.jta.platform.internal.JtaPlatformInitiator [task-1] HHH000490: Using JtaPlatform implementation: [org.hibernate.engine.transaction.jta.platform.internal.NoJtaPlatform]
2022-04-09 14:31:46,820 INFO org.springframework.orm.jpa.AbstractEntityManagerFactoryBean [task-1] Initialized JPA EntityManagerFactory for persistence unit 'default'
2022-04-09 14:31:46,873 INFO org.springframework.boot.devtools.autoconfigure.OptionalLiveReloadServer [task-2] LiveReload server is running on port 35729
2022-04-09 14:31:47,051 INFO org.springframework.boot.actuate.endpoint.web.EndpointLinksResolver [restartedMain] Exposing 2 endpoint(s) beneath base path '/actuator'
2022-04-09 14:31:47,094 INFO org.apache.juli.logging.DirectJDKLog [restartedMain] Starting ProtocolHandler ["http-nio-8084"]
2022-04-09 14:31:47,127 INFO org.springframework.boot.web.embedded.tomcat.TomcatWebServer [restartedMain] Tomcat started on port(s): 8084 (http) with context path ''
2022-04-09 14:31:47,129 INFO org.springframework.data.repository.config.DeferredRepositoryInitializationListener [restartedMain] Triggering deferred initialization of Spring Data repositories…
2022-04-09 14:31:47,698 INFO org.springframework.data.repository.config.DeferredRepositoryInitializationListener [restartedMain] Spring Data repositories initialized!
2022-04-09 14:31:47,714 INFO org.springframework.boot.StartupInfoLogger [restartedMain] Started MusicSpringBootAppApplication in 12.347 seconds (JVM running for 13.641)
2022-04-09 14:32:10,763 INFO org.apache.juli.logging.DirectJDKLog [http-nio-8084-exec-1] Initializing Spring DispatcherServlet 'dispatcherServlet'
2022-04-09 14:32:10,764 INFO org.springframework.web.servlet.FrameworkServlet [http-nio-8084-exec-1] Initializing Servlet 'dispatcherServlet'
2022-04-09 14:32:10,779 INFO org.springframework.web.servlet.FrameworkServlet [http-nio-8084-exec-1] Completed initialization in 15 ms
2022-04-09 14:32:10,850 INFO com.music.app.aspect.trace.TraceableAspect [http-nio-8084-exec-1] Input : 1
2022-04-09 14:32:11,122 INFO com.music.app.aspect.trace.TraceableAspect [http-nio-8084-exec-1] result [com.music.app.model.Albums@32ac974e]
2022-04-09 14:32:30,176 INFO org.springframework.orm.jpa.AbstractEntityManagerFactoryBean [SpringContextShutdownHook] Closing JPA EntityManagerFactory for persistence unit 'default'
2022-04-09 14:32:30,176 INFO org.springframework.scheduling.concurrent.ExecutorConfigurationSupport [SpringContextShutdownHook] Shutting down ExecutorService 'applicationTaskExecutor'
2022-04-09 14:32:30,188 INFO com.zaxxer.hikari.HikariDataSource [SpringContextShutdownHook] HikariPool-1 - Shutdown initiated...
2022-04-09 14:32:30,237 INFO com.zaxxer.hikari.HikariDataSource [SpringContextShutdownHook] HikariPool-1 - Shutdown completed.
2022-04-09 14:32:39,343 INFO org.springframework.boot.StartupInfoLogger [restartedMain] Starting MusicSpringBootAppApplication on BPAULMA-IN-LE01 with PID 20144 (C:\bpaulma\develop\music-artists-master\target\classes started by BPaulMa in C:\bpaulma\develop\music-artists-master)
2022-04-09 14:32:39,348 DEBUG org.springframework.boot.StartupInfoLogger [restartedMain] Running with Spring Boot v2.3.1.RELEASE, Spring v5.2.7.RELEASE
2022-04-09 14:32:39,350 INFO org.springframework.boot.SpringApplication [restartedMain] The following profiles are active: mysql
2022-04-09 14:32:39,449 INFO org.springframework.boot.logging.DeferredLog [restartedMain] Devtools property defaults active! Set 'spring.devtools.add-properties' to 'false' to disable
2022-04-09 14:32:39,450 INFO org.springframework.boot.logging.DeferredLog [restartedMain] For additional web related logging consider setting the 'logging.level.web' property to 'DEBUG'
2022-04-09 14:32:40,987 INFO org.springframework.data.repository.config.RepositoryConfigurationDelegate [restartedMain] Bootstrapping Spring Data JPA repositories in DEFERRED mode.
2022-04-09 14:32:41,084 INFO org.springframework.data.repository.config.RepositoryConfigurationDelegate [restartedMain] Finished Spring Data repository scanning in 86ms. Found 2 JPA repository interfaces.
2022-04-09 14:32:47,700 INFO org.springframework.boot.web.embedded.tomcat.TomcatWebServer [restartedMain] Tomcat initialized with port(s): 8084 (http)
2022-04-09 14:32:47,717 INFO org.apache.juli.logging.DirectJDKLog [restartedMain] Initializing ProtocolHandler ["http-nio-8084"]
2022-04-09 14:32:47,718 INFO org.apache.juli.logging.DirectJDKLog [restartedMain] Starting service [Tomcat]
2022-04-09 14:32:47,719 INFO org.apache.juli.logging.DirectJDKLog [restartedMain] Starting Servlet engine: [Apache Tomcat/9.0.36]
2022-04-09 14:32:47,979 INFO org.apache.juli.logging.DirectJDKLog [restartedMain] Initializing Spring embedded WebApplicationContext
2022-04-09 14:32:47,979 INFO org.springframework.boot.web.servlet.context.ServletWebServerApplicationContext [restartedMain] Root WebApplicationContext: initialization completed in 8529 ms
2022-04-09 14:32:48,310 INFO com.zaxxer.hikari.HikariDataSource [restartedMain] HikariPool-1 - Starting...
2022-04-09 14:32:49,407 INFO com.zaxxer.hikari.HikariDataSource [restartedMain] HikariPool-1 - Start completed.
2022-04-09 14:32:49,437 INFO org.springframework.boot.autoconfigure.h2.H2ConsoleAutoConfiguration [restartedMain] H2 console available at '/h2-console'. Database available at 'jdbc:mysql://localhost:3306/learnings'
2022-04-09 14:32:49,975 INFO org.springframework.scheduling.concurrent.ExecutorConfigurationSupport [restartedMain] Initializing ExecutorService 'applicationTaskExecutor'
2022-04-09 14:32:50,114 INFO org.hibernate.jpa.internal.util.LogHelper [task-1] HHH000204: Processing PersistenceUnitInfo [name: default]
2022-04-09 14:32:50,296 INFO org.hibernate.Version [task-1] HHH000412: Hibernate ORM core version 5.4.17.Final
2022-04-09 14:32:50,409 WARN org.springframework.boot.autoconfigure.orm.jpa.JpaBaseConfiguration$JpaWebConfiguration [restartedMain] spring.jpa.open-in-view is enabled by default. Therefore, database queries may be performed during view rendering. Explicitly configure spring.jpa.open-in-view to disable this warning
2022-04-09 14:32:50,707 INFO org.hibernate.annotations.common.reflection.java.JavaReflectionManager [task-1] HCANN000001: Hibernate Commons Annotations {5.1.0.Final}
2022-04-09 14:32:51,120 INFO org.hibernate.dialect.Dialect [task-1] HHH000400: Using dialect: org.hibernate.dialect.MySQL5Dialect
2022-04-09 14:32:53,528 INFO org.hibernate.engine.transaction.jta.platform.internal.JtaPlatformInitiator [task-1] HHH000490: Using JtaPlatform implementation: [org.hibernate.engine.transaction.jta.platform.internal.NoJtaPlatform]
2022-04-09 14:32:53,555 INFO org.springframework.orm.jpa.AbstractEntityManagerFactoryBean [task-1] Initialized JPA EntityManagerFactory for persistence unit 'default'
2022-04-09 14:32:53,626 INFO org.springframework.boot.devtools.autoconfigure.OptionalLiveReloadServer [task-2] LiveReload server is running on port 35729
2022-04-09 14:32:53,837 INFO org.springframework.boot.actuate.endpoint.web.EndpointLinksResolver [restartedMain] Exposing 2 endpoint(s) beneath base path '/actuator'
2022-04-09 14:32:53,928 INFO org.apache.juli.logging.DirectJDKLog [restartedMain] Starting ProtocolHandler ["http-nio-8084"]
2022-04-09 14:32:53,989 INFO org.springframework.boot.web.embedded.tomcat.TomcatWebServer [restartedMain] Tomcat started on port(s): 8084 (http) with context path ''
2022-04-09 14:32:53,989 INFO org.springframework.data.repository.config.DeferredRepositoryInitializationListener [restartedMain] Triggering deferred initialization of Spring Data repositories…
2022-04-09 14:32:55,138 INFO org.springframework.data.repository.config.DeferredRepositoryInitializationListener [restartedMain] Spring Data repositories initialized!
2022-04-09 14:32:55,174 INFO org.springframework.boot.StartupInfoLogger [restartedMain] Started MusicSpringBootAppApplication in 16.645 seconds (JVM running for 17.915)
2022-04-09 14:39:48,342 INFO org.apache.juli.logging.DirectJDKLog [http-nio-8084-exec-2] Initializing Spring DispatcherServlet 'dispatcherServlet'
2022-04-09 14:39:48,343 INFO org.springframework.web.servlet.FrameworkServlet [http-nio-8084-exec-2] Initializing Servlet 'dispatcherServlet'
2022-04-09 14:39:48,376 INFO org.springframework.web.servlet.FrameworkServlet [http-nio-8084-exec-2] Completed initialization in 32 ms
2022-04-09 14:39:48,475 INFO com.music.app.aspect.trace.TraceableAspect [http-nio-8084-exec-2] Input : 1
2022-04-09 14:39:49,161 INFO com.music.app.aspect.trace.TraceableAspect [http-nio-8084-exec-2] result [{"id":2,"yearOfRelease":2004,"title":"1","genres":["jazz"]}]
2022-04-09 14:42:54,239 INFO org.springframework.orm.jpa.AbstractEntityManagerFactoryBean [Thread-314] Closing JPA EntityManagerFactory for persistence unit 'default'
2022-04-09 14:42:54,242 INFO org.springframework.scheduling.concurrent.ExecutorConfigurationSupport [Thread-314] Shutting down ExecutorService 'applicationTaskExecutor'
2022-04-09 14:42:54,245 INFO com.zaxxer.hikari.HikariDataSource [Thread-314] HikariPool-1 - Shutdown initiated...
2022-04-09 14:42:54,274 INFO com.zaxxer.hikari.HikariDataSource [Thread-314] HikariPool-1 - Shutdown completed.
2022-04-09 14:42:54,407 INFO org.springframework.boot.StartupInfoLogger [restartedMain] Starting MusicSpringBootAppApplication on BPAULMA-IN-LE01 with PID 20144 (C:\bpaulma\develop\music-artists-master\target\classes started by BPaulMa in C:\bpaulma\develop\music-artists-master)
2022-04-09 14:42:54,408 DEBUG org.springframework.boot.StartupInfoLogger [restartedMain] Running with Spring Boot v2.3.1.RELEASE, Spring v5.2.7.RELEASE
2022-04-09 14:42:54,408 INFO org.springframework.boot.SpringApplication [restartedMain] The following profiles are active: mysql
2022-04-09 14:42:55,217 INFO org.springframework.data.repository.config.RepositoryConfigurationDelegate [restartedMain] Bootstrapping Spring Data JPA repositories in DEFERRED mode.
2022-04-09 14:42:55,267 INFO org.springframework.data.repository.config.RepositoryConfigurationDelegate [restartedMain] Finished Spring Data repository scanning in 44ms. Found 2 JPA repository interfaces.
2022-04-09 14:42:55,548 INFO org.springframework.boot.web.embedded.tomcat.TomcatWebServer [restartedMain] Tomcat initialized with port(s): 8084 (http)
2022-04-09 14:42:55,552 INFO org.apache.juli.logging.DirectJDKLog [restartedMain] Initializing ProtocolHandler ["http-nio-8084"]
2022-04-09 14:42:55,553 INFO org.apache.juli.logging.DirectJDKLog [restartedMain] Starting service [Tomcat]
2022-04-09 14:42:55,554 INFO org.apache.juli.logging.DirectJDKLog [restartedMain] Starting Servlet engine: [Apache Tomcat/9.0.36]
2022-04-09 14:42:55,630 INFO org.apache.juli.logging.DirectJDKLog [restartedMain] Initializing Spring embedded WebApplicationContext
2022-04-09 14:42:55,630 INFO org.springframework.boot.web.servlet.context.ServletWebServerApplicationContext [restartedMain] Root WebApplicationContext: initialization completed in 1215 ms
2022-04-09 14:42:55,742 INFO com.zaxxer.hikari.HikariDataSource [restartedMain] HikariPool-2 - Starting...
2022-04-09 14:42:55,781 INFO com.zaxxer.hikari.HikariDataSource [restartedMain] HikariPool-2 - Start completed.
2022-04-09 14:42:55,783 INFO org.springframework.boot.autoconfigure.h2.H2ConsoleAutoConfiguration [restartedMain] H2 console available at '/h2-console'. Database available at 'jdbc:mysql://localhost:3306/learnings'
2022-04-09 14:42:55,911 INFO org.springframework.scheduling.concurrent.ExecutorConfigurationSupport [restartedMain] Initializing ExecutorService 'applicationTaskExecutor'
2022-04-09 14:42:55,943 INFO org.hibernate.jpa.internal.util.LogHelper [task-1] HHH000204: Processing PersistenceUnitInfo [name: default]
2022-04-09 14:42:55,965 INFO org.hibernate.dialect.Dialect [task-1] HHH000400: Using dialect: org.hibernate.dialect.MySQL5Dialect
2022-04-09 14:42:56,089 WARN org.springframework.boot.autoconfigure.orm.jpa.JpaBaseConfiguration$JpaWebConfiguration [restartedMain] spring.jpa.open-in-view is enabled by default. Therefore, database queries may be performed during view rendering. Explicitly configure spring.jpa.open-in-view to disable this warning
2022-04-09 14:42:56,254 INFO org.hibernate.engine.transaction.jta.platform.internal.JtaPlatformInitiator [task-1] HHH000490: Using JtaPlatform implementation: [org.hibernate.engine.transaction.jta.platform.internal.NoJtaPlatform]
2022-04-09 14:42:56,256 INFO org.springframework.orm.jpa.AbstractEntityManagerFactoryBean [task-1] Initialized JPA EntityManagerFactory for persistence unit 'default'
2022-04-09 14:42:56,283 INFO org.springframework.boot.devtools.autoconfigure.OptionalLiveReloadServer [task-2] LiveReload server is running on port 35729
2022-04-09 14:42:56,512 INFO org.springframework.boot.actuate.endpoint.web.EndpointLinksResolver [restartedMain] Exposing 2 endpoint(s) beneath base path '/actuator'
2022-04-09 14:42:56,529 INFO org.apache.juli.logging.DirectJDKLog [restartedMain] Starting ProtocolHandler ["http-nio-8084"]
2022-04-09 14:42:56,538 INFO org.springframework.boot.web.embedded.tomcat.TomcatWebServer [restartedMain] Tomcat started on port(s): 8084 (http) with context path ''
2022-04-09 14:42:56,539 INFO org.springframework.data.repository.config.DeferredRepositoryInitializationListener [restartedMain] Triggering deferred initialization of Spring Data repositories…
2022-04-09 14:42:56,627 INFO org.springframework.data.repository.config.DeferredRepositoryInitializationListener [restartedMain] Spring Data repositories initialized!
2022-04-09 14:42:56,634 INFO org.springframework.boot.StartupInfoLogger [restartedMain] Started MusicSpringBootAppApplication in 2.286 seconds (JVM running for 619.373)
2022-04-09 14:42:56,636 INFO org.springframework.boot.devtools.autoconfigure.ConditionEvaluationDeltaLoggingListener [restartedMain] Condition evaluation unchanged
2022-04-09 15:56:57,244 WARN com.zaxxer.hikari.pool.HikariPool$HouseKeeper [HikariPool-2 housekeeper] HikariPool-2 - Thread starvation or clock leap detected (housekeeper delta=24m30s580ms364µs400ns).
